<?xml version="1.0" encoding="UTF-8"?>
<testng-results ignored="0" total="1" passed="1" failed="0" skipped="0">
  <reporter-output>
  </reporter-output>
  <suite started-at="2023-03-02T11:07:06 IST" name="Default suite" finished-at="2023-03-02T11:07:08 IST" duration-ms="2069">
    <groups>
    </groups>
    <test started-at="2023-03-02T11:07:06 IST" name="Default test" finished-at="2023-03-02T11:07:08 IST" duration-ms="2069">
      <class name="files.DnynamicJson3">
        <test-method signature="extractJsonFromFile()[pri:0, instance:files.DnynamicJson3@6ca8564a]" started-at="2023-03-02T11:07:06 IST" name="extractJsonFromFile" finished-at="2023-03-02T11:07:08 IST" duration-ms="2000" status="PASS">
          <reporter-output>
          </reporter-output>
        </test-method> <!-- extractJsonFromFile -->
      </class> <!-- files.DnynamicJson3 -->
    </test> <!-- Default test -->
  </suite> <!-- Default suite -->
</testng-results>
