<?xml version="1.0" encoding="UTF-8"?>
<testng-results ignored="0" total="1" passed="1" failed="0" skipped="0">
  <reporter-output>
  </reporter-output>
  <suite started-at="2023-03-07T17:15:14 IST" name="Default suite" finished-at="2023-03-07T17:15:16 IST" duration-ms="2560">
    <groups>
    </groups>
    <test started-at="2023-03-07T17:15:14 IST" name="Default test" finished-at="2023-03-07T17:15:16 IST" duration-ms="2560">
      <class name="hashMapAsPayload.excelRestAssureIntegration">
        <test-method signature="addBook()[pri:0, instance:hashMapAsPayload.excelRestAssureIntegration@2a3b5b47]" started-at="2023-03-07T17:15:14 IST" name="addBook" finished-at="2023-03-07T17:15:16 IST" duration-ms="2516" status="PASS">
          <reporter-output>
          </reporter-output>
        </test-method> <!-- addBook -->
      </class> <!-- hashMapAsPayload.excelRestAssureIntegration -->
    </test> <!-- Default test -->
  </suite> <!-- Default suite -->
</testng-results>
